<?xml version="1.0" encoding="UTF-8"?>
<testng-results ignored="0" total="2" passed="2" failed="0" skipped="0">
  <reporter-output>
  </reporter-output>
  <suite started-at="2025-06-27T10:23:43Z" name="Default suite" finished-at="2025-06-27T10:23:50Z" duration-ms="7219">
    <groups>
    </groups>
    <test started-at="2025-06-27T10:23:43Z" name="Default test" finished-at="2025-06-27T10:23:50Z" duration-ms="7219">
      <class name="Session11.Auth_OAuth2">
        <test-method signature="GetAccessOAuth2()[pri:0, instance:Session11.Auth_OAuth2@1033576a]" started-at="2025-06-27T10:23:43Z" name="GetAccessOAuth2" finished-at="2025-06-27T10:23:49Z" duration-ms="6050" status="PASS">
          <reporter-output>
          </reporter-output>
        </test-method> <!-- GetAccessOAuth2 -->
        <test-method signature="ListInvoice()[pri:0, instance:Session11.Auth_OAuth2@1033576a]" started-at="2025-06-27T10:23:49Z" name="ListInvoice" finished-at="2025-06-27T10:23:50Z" depends-on-methods="Session11.Auth_OAuth2.GetAccessOAuth2" duration-ms="1094" status="PASS">
          <reporter-output>
          </reporter-output>
        </test-method> <!-- ListInvoice -->
      </class> <!-- Session11.Auth_OAuth2 -->
    </test> <!-- Default test -->
  </suite> <!-- Default suite -->
</testng-results>
